#
# There is insufficient memory for the Java Runtime Environment to continue.
# Native memory allocation (mmap) failed to map 134217728 bytes for Failed to commit area from 0x0000000080c00000 to 0x0000000088c00000 of length 134217728.
# Possible reasons:
#   The system is out of physical RAM or swap space
#   The process is running with CompressedOops enabled, and the Java Heap may be blocking the growth of the native heap
# Possible solutions:
#   Reduce memory load on the system
#   Increase physical memory or swap space
#   Check if swap backing store is full
#   Decrease Java heap size (-Xmx/-Xms)
#   Decrease number of Java threads
#   Decrease Java thread stack sizes (-Xss)
#   Set larger code cache with -XX:ReservedCodeCacheSize=
# This output file may be truncated or incomplete.
#
#  Out of Memory Error (c:/BuildAgent/work/5ff2f6c26000d570/src/hotspot/os/windows/os_windows.cpp:3281), pid=7432, tid=2616
#
# JRE version:  (11.0.4+10) (build )
# Java VM: OpenJDK 64-Bit Server VM (11.0.4+10-b304.77, mixed mode, aot, sharing, tiered, compressed oops, g1 gc, windows-amd64)
# No core dump will be written. Minidumps are not enabled by default on client versions of Windows
#

---------------  S U M M A R Y ------------

Command Line: org.jetbrains.git4idea.http.GitAskPassApp Username for 'https://github.com': 

Host: Intel(R) Core(TM) i5-2450M CPU @ 2.50GHz, 4 cores, 7G,  Windows 10 , 64 bit Build 18362 (10.0.18362.329)
Time: Sun Jan 19 02:14:37 2020 Hora oficial do Brasil elapsed time: 0 seconds (0d 0h 0m 0s)

---------------  T H R E A D  ---------------

Current thread (0x000001e35a664800):  JavaThread "Unknown thread" [_thread_in_vm, id=2616, stack(0x000000759ac00000,0x000000759ad00000)]

Stack: [0x000000759ac00000,0x000000759ad00000]
Native frames: (J=compiled Java code, j=interpreted, Vv=VM code, C=native code)
V  [jvm.dll+0x5db31a]
V  [jvm.dll+0x70c395]
V  [jvm.dll+0x70d8b8]
V  [jvm.dll+0x70df83]
V  [jvm.dll+0x23dbb8]
V  [jvm.dll+0x5d8a74]
V  [jvm.dll+0x5cdb05]
V  [jvm.dll+0x2fa5bb]
V  [jvm.dll+0x2fa52a]
V  [jvm.dll+0x2fa402]
V  [jvm.dll+0x2ff2c6]
V  [jvm.dll+0x347893]
V  [jvm.dll+0x347f96]
V  [jvm.dll+0x347993]
V  [jvm.dll+0x2d4e28]
V  [jvm.dll+0x2d5fd7]
V  [jvm.dll+0x6eb717]
V  [jvm.dll+0x6ecf0c]
V  [jvm.dll+0x354fb9]
V  [jvm.dll+0x6d35be]
V  [jvm.dll+0x3bd673]
V  [jvm.dll+0x3bf9f1]
C  [java.exe+0x3763]
C  [java.exe+0x17a0c]
C  [KERNEL32.DLL+0x17bd4]
C  [ntdll.dll+0x6ced1]


---------------  P R O C E S S  ---------------

Threads class SMR info:
_java_thread_list=0x000001e3584f4cb0, length=0, elements={
}

Java Threads: ( => current thread )

Other Threads:
  0x000001e35a67c800 GCTaskThread "GC Thread#0" [stack: 0x000000759ad00000,0x000000759ae00000] [id=10264]
  0x000001e35a6ac000 ConcurrentGCThread "G1 Main Marker" [stack: 0x000000759ae00000,0x000000759af00000] [id=7228]
  0x000001e35a6ad800 ConcurrentGCThread "G1 Conc#0" [stack: 0x000000759af00000,0x000000759b000000] [id=10976]

[error occurred during error reporting (printing all threads), id 0xc0000005, EXCEPTION_ACCESS_VIOLATION (0xc0000005) at pc=0x00007ffb82e65727]

VM state:not at safepoint (not fully initialized)

VM Mutex/Monitor currently owned by a thread:  ([mutex/lock_event])
[0x000001e35a6604f0] Heap_lock - owner thread: 0x000001e35a664800

Heap address: 0x0000000080c00000, size: 2036 MB, Compressed Oops mode: Non-zero based: 0x0000000080c00000
Narrow klass base: 0x0000000000000000, Narrow klass shift: 0

GC Heap History (0 events):
No events

Deoptimization events (0 events):
No events

Classes redefined (0 events):
No events

Internal exceptions (0 events):
No events

Events (0 events):
No events


Dynamic libraries:
0x00007ff62c8d0000 - 0x00007ff62c917000 	C:\Program Files\JetBrains\IntelliJ IDEA 2019.2.3\jbr\bin\java.exe
0x00007ffba8e20000 - 0x00007ffba9010000 	C:\WINDOWS\SYSTEM32\ntdll.dll
0x00007ffba84c0000 - 0x00007ffba8572000 	C:\WINDOWS\System32\KERNEL32.DLL
0x00007ffba5e90000 - 0x00007ffba6133000 	C:\WINDOWS\System32\KERNELBASE.dll
0x00007ffba89f0000 - 0x00007ffba8b84000 	C:\WINDOWS\System32\USER32.dll
0x00007ffba6ea0000 - 0x00007ffba6ec1000 	C:\WINDOWS\System32\win32u.dll
0x00007ffba73c0000 - 0x00007ffba73e6000 	C:\WINDOWS\System32\GDI32.dll
0x00007ffba6140000 - 0x00007ffba62d4000 	C:\WINDOWS\System32\gdi32full.dll
0x00007ffba6680000 - 0x00007ffba671e000 	C:\WINDOWS\System32\msvcp_win.dll
0x00007ffba63b0000 - 0x00007ffba64aa000 	C:\WINDOWS\System32\ucrtbase.dll
0x00007ffb961c0000 - 0x00007ffb96445000 	C:\WINDOWS\WinSxS\amd64_microsoft.windows.common-controls_6595b64144ccf1df_6.0.18362.592_none_e6c0b1911312be02\COMCTL32.dll
0x00007ffba88c0000 - 0x00007ffba895e000 	C:\WINDOWS\System32\msvcrt.dll
0x00007ffba6ed0000 - 0x00007ffba7206000 	C:\WINDOWS\System32\combase.dll
0x00007ffba83a0000 - 0x00007ffba84c0000 	C:\WINDOWS\System32\RPCRT4.dll
0x00007ffba62e0000 - 0x00007ffba6360000 	C:\WINDOWS\System32\bcryptPrimitives.dll
0x00007ffba7cb0000 - 0x00007ffba7cde000 	C:\WINDOWS\System32\IMM32.DLL
0x00007ffb96b10000 - 0x00007ffb96b27000 	C:\Program Files\JetBrains\IntelliJ IDEA 2019.2.3\jbr\bin\vcruntime140.dll
0x00007ffb904d0000 - 0x00007ffb9056d000 	C:\Program Files\JetBrains\IntelliJ IDEA 2019.2.3\jbr\bin\msvcp140.dll
0x00007ffb82b80000 - 0x00007ffb83638000 	C:\Program Files\JetBrains\IntelliJ IDEA 2019.2.3\jbr\bin\server\jvm.dll
0x00007ffba8580000 - 0x00007ffba8623000 	C:\WINDOWS\System32\ADVAPI32.dll
0x00007ffba8b90000 - 0x00007ffba8c27000 	C:\WINDOWS\System32\sechost.dll
0x00007ffba89e0000 - 0x00007ffba89e8000 	C:\WINDOWS\System32\PSAPI.DLL
0x00007ffba3e00000 - 0x00007ffba3e24000 	C:\WINDOWS\SYSTEM32\WINMM.dll
0x00007ffb97680000 - 0x00007ffb9768a000 	C:\WINDOWS\SYSTEM32\VERSION.dll
0x00007ffb964a0000 - 0x00007ffb964a9000 	C:\WINDOWS\SYSTEM32\WSOCK32.dll
0x00007ffba8180000 - 0x00007ffba81ef000 	C:\WINDOWS\System32\WS2_32.dll
0x00007ffba3d80000 - 0x00007ffba3dad000 	C:\WINDOWS\SYSTEM32\winmmbase.dll
0x00007ffba6360000 - 0x00007ffba63aa000 	C:\WINDOWS\System32\cfgmgr32.dll
0x00007ffba5d70000 - 0x00007ffba5d81000 	C:\WINDOWS\System32\kernel.appcore.dll
0x00007ffba2620000 - 0x00007ffba2631000 	C:\Program Files\JetBrains\IntelliJ IDEA 2019.2.3\jbr\bin\verify.dll
0x00007ffb978b0000 - 0x00007ffb97aa4000 	C:\WINDOWS\SYSTEM32\DBGHELP.DLL
0x00007ffb97710000 - 0x00007ffb9773a000 	C:\WINDOWS\SYSTEM32\dbgcore.DLL
0x00007ffba25f0000 - 0x00007ffba2619000 	C:\Program Files\JetBrains\IntelliJ IDEA 2019.2.3\jbr\bin\java.dll
0x00007ffb9df90000 - 0x00007ffb9dfa7000 	C:\Program Files\JetBrains\IntelliJ IDEA 2019.2.3\jbr\bin\zip.dll
0x00007ffba2560000 - 0x00007ffba256b000 	C:\Program Files\JetBrains\IntelliJ IDEA 2019.2.3\jbr\bin\jimage.dll

dbghelp: loaded successfully - version: 4.0.5 - missing functions: none
symbol engine: initialized successfully - sym options: 0x614 - pdb path: .;C:\Program Files\JetBrains\IntelliJ IDEA 2019.2.3\jbr\bin;C:\WINDOWS\SYSTEM32;C:\WINDOWS\WinSxS\amd64_microsoft.windows.common-controls_6595b64144ccf1df_6.0.18362.592_none_e6c0b1911312be02;C:\Program Files\JetBrains\IntelliJ IDEA 2019.2.3\jbr\bin\server

VM Arguments:
java_command: org.jetbrains.git4idea.http.GitAskPassApp Username for 'https://github.com': 
java_class_path (initial): C:/Program Files/JetBrains/IntelliJ IDEA 2019.2.3/plugins/git4idea/lib/git4idea-rt.jar;C:/Program Files/JetBrains/IntelliJ IDEA 2019.2.3/lib/xmlrpc-2.0.1.jar;C:/Program Files/JetBrains/IntelliJ IDEA 2019.2.3/lib/commons-codec-1.13.jar;C:/Program Files/JetBrains/IntelliJ IDEA 2019.2.3/lib/util.jar
Launcher Type: SUN_STANDARD

[Global flags]
     intx CICompilerCount                          = 3                                         {product} {ergonomic}
     uint ConcGCThreads                            = 1                                         {product} {ergonomic}
     uint G1ConcRefinementThreads                  = 4                                         {product} {ergonomic}
   size_t G1HeapRegionSize                         = 1048576                                   {product} {ergonomic}
    uintx GCDrainStackTargetSize                   = 64                                        {product} {ergonomic}
   size_t InitialHeapSize                          = 134217728                                 {product} {ergonomic}
   size_t MarkStackSize                            = 4194304                                   {product} {ergonomic}
   size_t MaxHeapSize                              = 2134900736                                {product} {ergonomic}
   size_t MinHeapDeltaBytes                        = 1048576                                   {product} {ergonomic}
    uintx NonNMethodCodeHeapSize                   = 5830092                                {pd product} {ergonomic}
    uintx NonProfiledCodeHeapSize                  = 122914074                              {pd product} {ergonomic}
    uintx ProfiledCodeHeapSize                     = 122914074                              {pd product} {ergonomic}
    uintx ReservedCodeCacheSize                    = 251658240                              {pd product} {ergonomic}
     bool SegmentedCodeCache                       = true                                      {product} {ergonomic}
     bool UseCompressedClassPointers               = true                                 {lp64_product} {ergonomic}
     bool UseCompressedOops                        = true                                 {lp64_product} {ergonomic}
     bool UseG1GC                                  = true                                      {product} {ergonomic}
     bool UseLargePagesIndividualAllocation        = false                                  {pd product} {ergonomic}

Logging:
Log output configuration:
 #0: stdout all=warning uptime,level,tags
 #1: stderr all=off uptime,level,tags

Environment Variables:
PATH=C:\Program Files\Git\mingw64\libexec\git-core;C:\Program Files\Git\mingw64\libexec\git-core;C:\Program Files\Git\mingw64\bin;C:\Program Files\Git\usr\bin;C:\Users\User\bin;C:\Program Files (x86)\Common Files\Oracle\Java\javapath;C:\Program Files (x86)\Common Files\Intel\Shared Libraries\redist\intel64\compiler;C:\ProgramData\Oracle\Java\javapath;C:\WINDOWS\system32;C:\WINDOWS;C:\WINDOWS\System32\Wbem;C:\WINDOWS\System32\WindowsPowerShell\v1.0;C:\WINDOWS\System32\OpenSSH;C:\Program Files\Git\cmd;C:\Users\User\AppData\Local\Microsoft\WindowsApps
USERNAME=User
DISPLAY=:0.0
OS=Windows_NT
PROCESSOR_IDENTIFIER=Intel64 Family 6 Model 42 Stepping 7, GenuineIntel



---------------  S Y S T E M  ---------------

OS: Windows 10 , 64 bit Build 18362 (10.0.18362.329)

CPU:total 4 (initial active 4) (2 cores per cpu, 2 threads per core) family 6 model 42 stepping 7, cmov, cx8, fxsr, mmx, sse, sse2, sse3, ssse3, sse4.1, sse4.2, popcnt, avx, aes, clmul, ht, tsc, tscinvbit

Memory: 4k page, system-wide physical 8139M (940M free)
TotalPageFile size 8139M (AvailPageFile size 83M)
current process WorkingSet (physical memory assigned to process): 9M, peak: 9M
current process commit charge ("private bytes"): 51M, peak: 179M

vm_info: OpenJDK 64-Bit Server VM (11.0.4+10-b304.77) for windows-amd64 JRE (11.0.4+10-b304.77), built on Oct 10 2019 15:02:36 by "" with MS VC++ 14.0 (VS2015)

END.
